  jsb_module_register.cpp
  main.cpp
  AppDelegate.cpp
c:\program files (x86)\microsoft visual studio\2017\community\vc\tools\msvc\14.16.27023\include\xlocale(319): warning C4530: Se ha utilizado el controlador de excepciones de C++, pero la semántica de desenredo no está habilitada. Especifique /EHsc (compilando archivo de origen ..\Classes\AppDelegate.cpp)
c:\program files (x86)\microsoft visual studio\2017\community\vc\tools\msvc\14.16.27023\include\xlocale(319): warning C4530: Se ha utilizado el controlador de excepciones de C++, pero la semántica de desenredo no está habilitada. Especifique /EHsc (compilando archivo de origen ..\Classes\jsb_module_register.cpp)
c:\program files (x86)\microsoft visual studio\2017\community\vc\tools\msvc\14.16.27023\include\xlocale(319): warning C4530: Se ha utilizado el controlador de excepciones de C++, pero la semántica de desenredo no está habilitada. Especifique /EHsc (compilando archivo de origen main.cpp)
libtiff-2015.lib(tif_win32.obj) : warning LNK4075: se omite '/EDITANDCONTINUE' debido a la especificación '/INCREMENTAL:NO'
     Creando biblioteca C:\Users\Maxi\Downloads\TP4\build\jsb-link\frameworks\runtime-src\proj.win32\Release.win32\TP4.lib y objeto C:\Users\Maxi\Downloads\TP4\build\jsb-link\frameworks\runtime-src\proj.win32\Release.win32\TP4.exp
LINK : warning LNK4098: la biblioteca predeterminada'LIBCMT' entra en conflicto con otras bibliotecas; use la biblioteca /NODEFAULTLIB:biblioteca
jsb_module_register.obj : warning LNK4217: se importó el símbolo ?clear@AutoreleasePool@cocos2d@@QAEXXZ (public: void __thiscall cocos2d::AutoreleasePool::clear(void)) definido localmente en la función "private: virtual void __thiscall std::_Func_impl_no_alloc<class <lambda_c5b63d1ec35da9f45e52f6b07e0fc7b5>,void>::_Do_call(void)" (?_Do_call@?$_Func_impl_no_alloc@V<lambda_c5b63d1ec35da9f45e52f6b07e0fc7b5>@@X$$V@std@@EAEXXZ)
jsb_module_register.obj : warning LNK4217: se importó el símbolo ?getInstance@PoolManager@cocos2d@@SAPAV12@XZ (public: static class cocos2d::PoolManager * __cdecl cocos2d::PoolManager::getInstance(void)) definido localmente en la función "private: virtual void __thiscall std::_Func_impl_no_alloc<class <lambda_c5b63d1ec35da9f45e52f6b07e0fc7b5>,void>::_Do_call(void)" (?_Do_call@?$_Func_impl_no_alloc@V<lambda_c5b63d1ec35da9f45e52f6b07e0fc7b5>@@X$$V@std@@EAEXXZ)
jsb_module_register.obj : warning LNK4217: se importó el símbolo ?getCurrentPool@PoolManager@cocos2d@@QBEPAVAutoreleasePool@2@XZ (public: class cocos2d::AutoreleasePool * __thiscall cocos2d::PoolManager::getCurrentPool(void)const ) definido localmente en la función "private: virtual void __thiscall std::_Func_impl_no_alloc<class <lambda_c5b63d1ec35da9f45e52f6b07e0fc7b5>,void>::_Do_call(void)" (?_Do_call@?$_Func_impl_no_alloc@V<lambda_c5b63d1ec35da9f45e52f6b07e0fc7b5>@@X$$V@std@@EAEXXZ)
main.obj : warning LNK4217: se importó el símbolo ?start@Application@cocos2d@@QAEXXZ (public: void __thiscall cocos2d::Application::start(void)) definido localmente en la función _wWinMain@16
AppDelegate.obj : warning LNK4217: se importó el símbolo ?log@cocos2d@@YAXPBDZZ (void __cdecl cocos2d::log(char const *,...)) definido localmente en la función "private: virtual void __thiscall std::_Func_impl_no_alloc<class <lambda_a2c85733628e11bde817bf6f96f7075f>,void,char const *,char const *,char const *>::_Do_call(char const * &&,char const * &&,char const * &&)" (?_Do_call@?$_Func_impl_no_alloc@V<lambda_a2c85733628e11bde817bf6f96f7075f>@@XPBDPBDPBD@std@@EAEX$$QAPBD00@Z)
AppDelegate.obj : warning LNK4217: se importó el símbolo ??0Application@cocos2d@@QAE@ABV?$basic_string@DU?$char_traits@D@std@@V?$allocator@D@2@@std@@HH@Z (public: __thiscall cocos2d::Application::Application(class std::basic_string<char,struct std::char_traits<char>,class std::allocator<char> > const &,int,int)) definido localmente en la función "public: __thiscall AppDelegate::AppDelegate(int,int)" (??0AppDelegate@@QAE@HH@Z)
AppDelegate.obj : warning LNK4217: se importó el símbolo ??1Application@cocos2d@@UAE@XZ (public: virtual __thiscall cocos2d::Application::~Application(void)) definido localmente en la función "public: virtual __thiscall AppDelegate::~AppDelegate(void)" (??1AppDelegate@@UAE@XZ)
libtiff-2015.lib(tif_aux.obj) : warning LNK4099: no se encontró PDB 'vc140.pdb' con 'libtiff-2015.lib(tif_aux.obj)' o en 'C:\Users\Maxi\Downloads\TP4\build\jsb-link\frameworks\runtime-src\proj.win32\Release.win32\vc140.pdb'; se vinculará el objeto sin tener en cuenta información de depuración
libtiff-2015.lib(tif_close.obj) : warning LNK4099: no se encontró PDB 'vc140.pdb' con 'libtiff-2015.lib(tif_close.obj)' o en 'C:\Users\Maxi\Downloads\TP4\build\jsb-link\frameworks\runtime-src\proj.win32\Release.win32\vc140.pdb'; se vinculará el objeto sin tener en cuenta información de depuración
libtiff-2015.lib(tif_codec.obj) : warning LNK4099: no se encontró PDB 'vc140.pdb' con 'libtiff-2015.lib(tif_codec.obj)' o en 'C:\Users\Maxi\Downloads\TP4\build\jsb-link\frameworks\runtime-src\proj.win32\Release.win32\vc140.pdb'; se vinculará el objeto sin tener en cuenta información de depuración
libtiff-2015.lib(tif_color.obj) : warning LNK4099: no se encontró PDB 'vc140.pdb' con 'libtiff-2015.lib(tif_color.obj)' o en 'C:\Users\Maxi\Downloads\TP4\build\jsb-link\frameworks\runtime-src\proj.win32\Release.win32\vc140.pdb'; se vinculará el objeto sin tener en cuenta información de depuración
libtiff-2015.lib(tif_compress.obj) : warning LNK4099: no se encontró PDB 'vc140.pdb' con 'libtiff-2015.lib(tif_compress.obj)' o en 'C:\Users\Maxi\Downloads\TP4\build\jsb-link\frameworks\runtime-src\proj.win32\Release.win32\vc140.pdb'; se vinculará el objeto sin tener en cuenta información de depuración
libtiff-2015.lib(tif_dir.obj) : warning LNK4099: no se encontró PDB 'vc140.pdb' con 'libtiff-2015.lib(tif_dir.obj)' o en 'C:\Users\Maxi\Downloads\TP4\build\jsb-link\frameworks\runtime-src\proj.win32\Release.win32\vc140.pdb'; se vinculará el objeto sin tener en cuenta información de depuración
libtiff-2015.lib(tif_dirinfo.obj) : warning LNK4099: no se encontró PDB 'vc140.pdb' con 'libtiff-2015.lib(tif_dirinfo.obj)' o en 'C:\Users\Maxi\Downloads\TP4\build\jsb-link\frameworks\runtime-src\proj.win32\Release.win32\vc140.pdb'; se vinculará el objeto sin tener en cuenta información de depuración
libtiff-2015.lib(tif_dirread.obj) : warning LNK4099: no se encontró PDB 'vc140.pdb' con 'libtiff-2015.lib(tif_dirread.obj)' o en 'C:\Users\Maxi\Downloads\TP4\build\jsb-link\frameworks\runtime-src\proj.win32\Release.win32\vc140.pdb'; se vinculará el objeto sin tener en cuenta información de depuración
libtiff-2015.lib(tif_dirwrite.obj) : warning LNK4099: no se encontró PDB 'vc140.pdb' con 'libtiff-2015.lib(tif_dirwrite.obj)' o en 'C:\Users\Maxi\Downloads\TP4\build\jsb-link\frameworks\runtime-src\proj.win32\Release.win32\vc140.pdb'; se vinculará el objeto sin tener en cuenta información de depuración
libtiff-2015.lib(tif_dumpmode.obj) : warning LNK4099: no se encontró PDB 'vc140.pdb' con 'libtiff-2015.lib(tif_dumpmode.obj)' o en 'C:\Users\Maxi\Downloads\TP4\build\jsb-link\frameworks\runtime-src\proj.win32\Release.win32\vc140.pdb'; se vinculará el objeto sin tener en cuenta información de depuración
libtiff-2015.lib(tif_error.obj) : warning LNK4099: no se encontró PDB 'vc140.pdb' con 'libtiff-2015.lib(tif_error.obj)' o en 'C:\Users\Maxi\Downloads\TP4\build\jsb-link\frameworks\runtime-src\proj.win32\Release.win32\vc140.pdb'; se vinculará el objeto sin tener en cuenta información de depuración
libtiff-2015.lib(tif_fax3.obj) : warning LNK4099: no se encontró PDB 'vc140.pdb' con 'libtiff-2015.lib(tif_fax3.obj)' o en 'C:\Users\Maxi\Downloads\TP4\build\jsb-link\frameworks\runtime-src\proj.win32\Release.win32\vc140.pdb'; se vinculará el objeto sin tener en cuenta información de depuración
libtiff-2015.lib(tif_fax3sm.obj) : warning LNK4099: no se encontró PDB 'vc140.pdb' con 'libtiff-2015.lib(tif_fax3sm.obj)' o en 'C:\Users\Maxi\Downloads\TP4\build\jsb-link\frameworks\runtime-src\proj.win32\Release.win32\vc140.pdb'; se vinculará el objeto sin tener en cuenta información de depuración
libtiff-2015.lib(tif_getimage.obj) : warning LNK4099: no se encontró PDB 'vc140.pdb' con 'libtiff-2015.lib(tif_getimage.obj)' o en 'C:\Users\Maxi\Downloads\TP4\build\jsb-link\frameworks\runtime-src\proj.win32\Release.win32\vc140.pdb'; se vinculará el objeto sin tener en cuenta información de depuración
libtiff-2015.lib(tif_flush.obj) : warning LNK4099: no se encontró PDB 'vc140.pdb' con 'libtiff-2015.lib(tif_flush.obj)' o en 'C:\Users\Maxi\Downloads\TP4\build\jsb-link\frameworks\runtime-src\proj.win32\Release.win32\vc140.pdb'; se vinculará el objeto sin tener en cuenta información de depuración
libtiff-2015.lib(tif_luv.obj) : warning LNK4099: no se encontró PDB 'vc140.pdb' con 'libtiff-2015.lib(tif_luv.obj)' o en 'C:\Users\Maxi\Downloads\TP4\build\jsb-link\frameworks\runtime-src\proj.win32\Release.win32\vc140.pdb'; se vinculará el objeto sin tener en cuenta información de depuración
libtiff-2015.lib(tif_lzw.obj) : warning LNK4099: no se encontró PDB 'vc140.pdb' con 'libtiff-2015.lib(tif_lzw.obj)' o en 'C:\Users\Maxi\Downloads\TP4\build\jsb-link\frameworks\runtime-src\proj.win32\Release.win32\vc140.pdb'; se vinculará el objeto sin tener en cuenta información de depuración
libtiff-2015.lib(tif_next.obj) : warning LNK4099: no se encontró PDB 'vc140.pdb' con 'libtiff-2015.lib(tif_next.obj)' o en 'C:\Users\Maxi\Downloads\TP4\build\jsb-link\frameworks\runtime-src\proj.win32\Release.win32\vc140.pdb'; se vinculará el objeto sin tener en cuenta información de depuración
libtiff-2015.lib(tif_open.obj) : warning LNK4099: no se encontró PDB 'vc140.pdb' con 'libtiff-2015.lib(tif_open.obj)' o en 'C:\Users\Maxi\Downloads\TP4\build\jsb-link\frameworks\runtime-src\proj.win32\Release.win32\vc140.pdb'; se vinculará el objeto sin tener en cuenta información de depuración
libtiff-2015.lib(tif_packbits.obj) : warning LNK4099: no se encontró PDB 'vc140.pdb' con 'libtiff-2015.lib(tif_packbits.obj)' o en 'C:\Users\Maxi\Downloads\TP4\build\jsb-link\frameworks\runtime-src\proj.win32\Release.win32\vc140.pdb'; se vinculará el objeto sin tener en cuenta información de depuración
libtiff-2015.lib(tif_predict.obj) : warning LNK4099: no se encontró PDB 'vc140.pdb' con 'libtiff-2015.lib(tif_predict.obj)' o en 'C:\Users\Maxi\Downloads\TP4\build\jsb-link\frameworks\runtime-src\proj.win32\Release.win32\vc140.pdb'; se vinculará el objeto sin tener en cuenta información de depuración
libtiff-2015.lib(tif_read.obj) : warning LNK4099: no se encontró PDB 'vc140.pdb' con 'libtiff-2015.lib(tif_read.obj)' o en 'C:\Users\Maxi\Downloads\TP4\build\jsb-link\frameworks\runtime-src\proj.win32\Release.win32\vc140.pdb'; se vinculará el objeto sin tener en cuenta información de depuración
libtiff-2015.lib(tif_swab.obj) : warning LNK4099: no se encontró PDB 'vc140.pdb' con 'libtiff-2015.lib(tif_swab.obj)' o en 'C:\Users\Maxi\Downloads\TP4\build\jsb-link\frameworks\runtime-src\proj.win32\Release.win32\vc140.pdb'; se vinculará el objeto sin tener en cuenta información de depuración
libtiff-2015.lib(tif_strip.obj) : warning LNK4099: no se encontró PDB 'vc140.pdb' con 'libtiff-2015.lib(tif_strip.obj)' o en 'C:\Users\Maxi\Downloads\TP4\build\jsb-link\frameworks\runtime-src\proj.win32\Release.win32\vc140.pdb'; se vinculará el objeto sin tener en cuenta información de depuración
libtiff-2015.lib(tif_thunder.obj) : warning LNK4099: no se encontró PDB 'vc140.pdb' con 'libtiff-2015.lib(tif_thunder.obj)' o en 'C:\Users\Maxi\Downloads\TP4\build\jsb-link\frameworks\runtime-src\proj.win32\Release.win32\vc140.pdb'; se vinculará el objeto sin tener en cuenta información de depuración
libtiff-2015.lib(tif_tile.obj) : warning LNK4099: no se encontró PDB 'vc140.pdb' con 'libtiff-2015.lib(tif_tile.obj)' o en 'C:\Users\Maxi\Downloads\TP4\build\jsb-link\frameworks\runtime-src\proj.win32\Release.win32\vc140.pdb'; se vinculará el objeto sin tener en cuenta información de depuración
libtiff-2015.lib(tif_warning.obj) : warning LNK4099: no se encontró PDB 'vc140.pdb' con 'libtiff-2015.lib(tif_warning.obj)' o en 'C:\Users\Maxi\Downloads\TP4\build\jsb-link\frameworks\runtime-src\proj.win32\Release.win32\vc140.pdb'; se vinculará el objeto sin tener en cuenta información de depuración
libtiff-2015.lib(tif_write.obj) : warning LNK4099: no se encontró PDB 'vc140.pdb' con 'libtiff-2015.lib(tif_write.obj)' o en 'C:\Users\Maxi\Downloads\TP4\build\jsb-link\frameworks\runtime-src\proj.win32\Release.win32\vc140.pdb'; se vinculará el objeto sin tener en cuenta información de depuración
libtiff-2015.lib(tif_win32.obj) : warning LNK4099: no se encontró PDB 'vc140.pdb' con 'libtiff-2015.lib(tif_win32.obj)' o en 'C:\Users\Maxi\Downloads\TP4\build\jsb-link\frameworks\runtime-src\proj.win32\Release.win32\vc140.pdb'; se vinculará el objeto sin tener en cuenta información de depuración
  TP4.vcxproj -> C:\Users\Maxi\Downloads\TP4\build\jsb-link\frameworks\runtime-src\proj.win32\Release.win32\TP4.exe
  Performing Custom Build Step
  C:\Users\Maxi\Downloads\TP4\build\jsb-link\src\cocos2d-jsb.b072a.jsc -> C:\Users\Maxi\Downloads\TP4\build\jsb-link\frameworks\runtime-src\proj.win32\Release.win32\src\cocos2d-jsb.b072a.jsc
  C:\Users\Maxi\Downloads\TP4\build\jsb-link\src\physics.10dcf.jsc -> C:\Users\Maxi\Downloads\TP4\build\jsb-link\frameworks\runtime-src\proj.win32\Release.win32\src\physics.10dcf.jsc
  C:\Users\Maxi\Downloads\TP4\build\jsb-link\src\settings.1d282.jsc -> C:\Users\Maxi\Downloads\TP4\build\jsb-link\frameworks\runtime-src\proj.win32\Release.win32\src\settings.1d282.jsc
  3 archivo(s) copiado(s)
  C:\Users\Maxi\Downloads\TP4\build\jsb-link\assets\internal\config.395b1.json -> C:\Users\Maxi\Downloads\TP4\build\jsb-link\frameworks\runtime-src\proj.win32\Release.win32\assets\internal\config.395b1.json
  C:\Users\Maxi\Downloads\TP4\build\jsb-link\assets\internal\index.395b1.jsc -> C:\Users\Maxi\Downloads\TP4\build\jsb-link\frameworks\runtime-src\proj.win32\Release.win32\assets\internal\index.395b1.jsc
  C:\Users\Maxi\Downloads\TP4\build\jsb-link\assets\internal\import\0b\0b6c4470e.f9695.json -> C:\Users\Maxi\Downloads\TP4\build\jsb-link\frameworks\runtime-src\proj.win32\Release.win32\assets\internal\import\0b\0b6c4470e.f9695.json
  C:\Users\Maxi\Downloads\TP4\build\jsb-link\assets\internal\native\02\0275e94c-56a7-410f-bd1a-fc7483f7d14a.cea68.png -> C:\Users\Maxi\Downloads\TP4\build\jsb-link\frameworks\runtime-src\proj.win32\Release.win32\assets\internal\native\02\0275e94c-56a7-410f-bd1a-fc7483f7d14a.cea68.png
  C:\Users\Maxi\Downloads\TP4\build\jsb-link\assets\internal\native\60\600301aa-3357-4a10-b086-84f011fa32ba.c3a3a.png -> C:\Users\Maxi\Downloads\TP4\build\jsb-link\frameworks\runtime-src\proj.win32\Release.win32\assets\internal\native\60\600301aa-3357-4a10-b086-84f011fa32ba.c3a3a.png
  C:\Users\Maxi\Downloads\TP4\build\jsb-link\assets\main\config.8ed86.json -> C:\Users\Maxi\Downloads\TP4\build\jsb-link\frameworks\runtime-src\proj.win32\Release.win32\assets\main\config.8ed86.json
  C:\Users\Maxi\Downloads\TP4\build\jsb-link\assets\main\index.8ed86.jsc -> C:\Users\Maxi\Downloads\TP4\build\jsb-link\frameworks\runtime-src\proj.win32\Release.win32\assets\main\index.8ed86.jsc
  C:\Users\Maxi\Downloads\TP4\build\jsb-link\assets\main\import\01\01f9374bc.6183d.json -> C:\Users\Maxi\Downloads\TP4\build\jsb-link\frameworks\runtime-src\proj.win32\Release.win32\assets\main\import\01\01f9374bc.6183d.json
  C:\Users\Maxi\Downloads\TP4\build\jsb-link\assets\main\import\02\023f1f9ca.3f80f.json -> C:\Users\Maxi\Downloads\TP4\build\jsb-link\frameworks\runtime-src\proj.win32\Release.win32\assets\main\import\02\023f1f9ca.3f80f.json
  C:\Users\Maxi\Downloads\TP4\build\jsb-link\assets\main\import\07\07ca00b2c.82b0e.json -> C:\Users\Maxi\Downloads\TP4\build\jsb-link\frameworks\runtime-src\proj.win32\Release.win32\assets\main\import\07\07ca00b2c.82b0e.json
  C:\Users\Maxi\Downloads\TP4\build\jsb-link\assets\main\import\07\07d47062c.03a6f.json -> C:\Users\Maxi\Downloads\TP4\build\jsb-link\frameworks\runtime-src\proj.win32\Release.win32\assets\main\import\07\07d47062c.03a6f.json
  C:\Users\Maxi\Downloads\TP4\build\jsb-link\assets\main\import\07\07e99effc.bb021.json -> C:\Users\Maxi\Downloads\TP4\build\jsb-link\frameworks\runtime-src\proj.win32\Release.win32\assets\main\import\07\07e99effc.bb021.json
  C:\Users\Maxi\Downloads\TP4\build\jsb-link\assets\main\import\09\09025e0b3.bdd12.json -> C:\Users\Maxi\Downloads\TP4\build\jsb-link\frameworks\runtime-src\proj.win32\Release.win32\assets\main\import\09\09025e0b3.bdd12.json
  C:\Users\Maxi\Downloads\TP4\build\jsb-link\assets\main\import\09\096bbb883.3f24c.json -> C:\Users\Maxi\Downloads\TP4\build\jsb-link\frameworks\runtime-src\proj.win32\Release.win32\assets\main\import\09\096bbb883.3f24c.json
  C:\Users\Maxi\Downloads\TP4\build\jsb-link\assets\main\import\0a\0a7681e94.2f418.json -> C:\Users\Maxi\Downloads\TP4\build\jsb-link\frameworks\runtime-src\proj.win32\Release.win32\assets\main\import\0a\0a7681e94.2f418.json
  C:\Users\Maxi\Downloads\TP4\build\jsb-link\assets\main\import\5c\5c50d031-7fa2-45ee-8d21-113d2fa8e190.a1321.json -> C:\Users\Maxi\Downloads\TP4\build\jsb-link\frameworks\runtime-src\proj.win32\Release.win32\assets\main\import\5c\5c50d031-7fa2-45ee-8d21-113d2fa8e190.a1321.json
  C:\Users\Maxi\Downloads\TP4\build\jsb-link\assets\main\native\2b\2b18dfaf-c268-492e-bba3-dd42a704c9cc.04c94.png -> C:\Users\Maxi\Downloads\TP4\build\jsb-link\frameworks\runtime-src\proj.win32\Release.win32\assets\main\native\2b\2b18dfaf-c268-492e-bba3-dd42a704c9cc.04c94.png
  C:\Users\Maxi\Downloads\TP4\build\jsb-link\assets\main\native\2f\2f5bcd5c-7fe8-4340-9ba7-3be68863bc63.c1880.png -> C:\Users\Maxi\Downloads\TP4\build\jsb-link\frameworks\runtime-src\proj.win32\Release.win32\assets\main\native\2f\2f5bcd5c-7fe8-4340-9ba7-3be68863bc63.c1880.png
  C:\Users\Maxi\Downloads\TP4\build\jsb-link\assets\main\native\32\32994743-8df1-4396-a048-216b5ee92444.fc0cf.png -> C:\Users\Maxi\Downloads\TP4\build\jsb-link\frameworks\runtime-src\proj.win32\Release.win32\assets\main\native\32\32994743-8df1-4396-a048-216b5ee92444.fc0cf.png
  C:\Users\Maxi\Downloads\TP4\build\jsb-link\assets\main\native\41\41003e8a-ec25-40ed-a99b-57b98a37e38c.44c8c.png -> C:\Users\Maxi\Downloads\TP4\build\jsb-link\frameworks\runtime-src\proj.win32\Release.win32\assets\main\native\41\41003e8a-ec25-40ed-a99b-57b98a37e38c.44c8c.png
  C:\Users\Maxi\Downloads\TP4\build\jsb-link\assets\main\native\5b\5bb6b288-1cf0-4946-8adc-01e5704e7016.75c39.png -> C:\Users\Maxi\Downloads\TP4\build\jsb-link\frameworks\runtime-src\proj.win32\Release.win32\assets\main\native\5b\5bb6b288-1cf0-4946-8adc-01e5704e7016.75c39.png
  C:\Users\Maxi\Downloads\TP4\build\jsb-link\assets\main\native\71\71561142-4c83-4933-afca-cb7a17f67053.c06a9.png -> C:\Users\Maxi\Downloads\TP4\build\jsb-link\frameworks\runtime-src\proj.win32\Release.win32\assets\main\native\71\71561142-4c83-4933-afca-cb7a17f67053.c06a9.png
  C:\Users\Maxi\Downloads\TP4\build\jsb-link\assets\main\native\7e\7e140a62-871d-4a37-b0f4-4374a8ef3956.e861c.png -> C:\Users\Maxi\Downloads\TP4\build\jsb-link\frameworks\runtime-src\proj.win32\Release.win32\assets\main\native\7e\7e140a62-871d-4a37-b0f4-4374a8ef3956.e861c.png
  C:\Users\Maxi\Downloads\TP4\build\jsb-link\assets\main\native\80\8023a01e-f6c1-4b11-8d04-fb691ac059f1.febff.png -> C:\Users\Maxi\Downloads\TP4\build\jsb-link\frameworks\runtime-src\proj.win32\Release.win32\assets\main\native\80\8023a01e-f6c1-4b11-8d04-fb691ac059f1.febff.png
  C:\Users\Maxi\Downloads\TP4\build\jsb-link\assets\main\native\8d\8d606eda-7334-4ab2-b6f7-69e5e80aa2e8.2cf90.png -> C:\Users\Maxi\Downloads\TP4\build\jsb-link\frameworks\runtime-src\proj.win32\Release.win32\assets\main\native\8d\8d606eda-7334-4ab2-b6f7-69e5e80aa2e8.2cf90.png
  C:\Users\Maxi\Downloads\TP4\build\jsb-link\assets\main\native\94\94dddd10-88e7-497d-8014-354df757f94f.456b1.png -> C:\Users\Maxi\Downloads\TP4\build\jsb-link\frameworks\runtime-src\proj.win32\Release.win32\assets\main\native\94\94dddd10-88e7-497d-8014-354df757f94f.456b1.png
  C:\Users\Maxi\Downloads\TP4\build\jsb-link\assets\main\native\95\955979ac-97a6-4f6a-ab70-4cbf4136c22c.68cb9.jpg -> C:\Users\Maxi\Downloads\TP4\build\jsb-link\frameworks\runtime-src\proj.win32\Release.win32\assets\main\native\95\955979ac-97a6-4f6a-ab70-4cbf4136c22c.68cb9.jpg
  C:\Users\Maxi\Downloads\TP4\build\jsb-link\assets\main\native\ac\acd57f35-c6f9-40cc-a8a1-cce2b9ef84cd.82a56.png -> C:\Users\Maxi\Downloads\TP4\build\jsb-link\frameworks\runtime-src\proj.win32\Release.win32\assets\main\native\ac\acd57f35-c6f9-40cc-a8a1-cce2b9ef84cd.82a56.png
  C:\Users\Maxi\Downloads\TP4\build\jsb-link\assets\main\native\b4\b4e887d6-8ac9-4ca9-8e88-a095a4ca5095.fb5a9.png -> C:\Users\Maxi\Downloads\TP4\build\jsb-link\frameworks\runtime-src\proj.win32\Release.win32\assets\main\native\b4\b4e887d6-8ac9-4ca9-8e88-a095a4ca5095.fb5a9.png
  C:\Users\Maxi\Downloads\TP4\build\jsb-link\assets\main\native\be\be5733d2-8287-46d7-a9a1-54f038b869f5.0edf8.png -> C:\Users\Maxi\Downloads\TP4\build\jsb-link\frameworks\runtime-src\proj.win32\Release.win32\assets\main\native\be\be5733d2-8287-46d7-a9a1-54f038b869f5.0edf8.png
  C:\Users\Maxi\Downloads\TP4\build\jsb-link\assets\main\native\c8\c8716772-3658-481f-808c-8bbe68c6627f.8c90a.png -> C:\Users\Maxi\Downloads\TP4\build\jsb-link\frameworks\runtime-src\proj.win32\Release.win32\assets\main\native\c8\c8716772-3658-481f-808c-8bbe68c6627f.8c90a.png
  C:\Users\Maxi\Downloads\TP4\build\jsb-link\assets\main\native\d2\d2e0a5e1-7c12-4812-90fe-31f36efb9ae3.219f5.png -> C:\Users\Maxi\Downloads\TP4\build\jsb-link\frameworks\runtime-src\proj.win32\Release.win32\assets\main\native\d2\d2e0a5e1-7c12-4812-90fe-31f36efb9ae3.219f5.png
  C:\Users\Maxi\Downloads\TP4\build\jsb-link\assets\main\native\d5\d5120d50-980a-49d0-802c-8fadc1181b41.a3f51.png -> C:\Users\Maxi\Downloads\TP4\build\jsb-link\frameworks\runtime-src\proj.win32\Release.win32\assets\main\native\d5\d5120d50-980a-49d0-802c-8fadc1181b41.a3f51.png
  C:\Users\Maxi\Downloads\TP4\build\jsb-link\assets\main\native\d8\d8cb395b-f8fe-49a3-910c-0349460294a0.e3726.png -> C:\Users\Maxi\Downloads\TP4\build\jsb-link\frameworks\runtime-src\proj.win32\Release.win32\assets\main\native\d8\d8cb395b-f8fe-49a3-910c-0349460294a0.e3726.png
  C:\Users\Maxi\Downloads\TP4\build\jsb-link\assets\main\native\e3\e3b20bb2-d403-4a10-b671-0630c69641cc.52c24.png -> C:\Users\Maxi\Downloads\TP4\build\jsb-link\frameworks\runtime-src\proj.win32\Release.win32\assets\main\native\e3\e3b20bb2-d403-4a10-b671-0630c69641cc.52c24.png
  C:\Users\Maxi\Downloads\TP4\build\jsb-link\assets\main\native\e6\e6626365-97c6-4a44-aa84-3c1c6a24f963.77595.png -> C:\Users\Maxi\Downloads\TP4\build\jsb-link\frameworks\runtime-src\proj.win32\Release.win32\assets\main\native\e6\e6626365-97c6-4a44-aa84-3c1c6a24f963.77595.png
  C:\Users\Maxi\Downloads\TP4\build\jsb-link\assets\main\native\f4\f4e9c4e4-1875-40f6-88c6-884e540a0b41.ddcec.png -> C:\Users\Maxi\Downloads\TP4\build\jsb-link\frameworks\runtime-src\proj.win32\Release.win32\assets\main\native\f4\f4e9c4e4-1875-40f6-88c6-884e540a0b41.ddcec.png
  37 archivo(s) copiado(s)
  C:\Users\Maxi\Downloads\TP4\build\jsb-link\jsb-adapter\jsb-builtin.js -> C:\Users\Maxi\Downloads\TP4\build\jsb-link\frameworks\runtime-src\proj.win32\Release.win32\jsb-adapter\jsb-builtin.js
  C:\Users\Maxi\Downloads\TP4\build\jsb-link\jsb-adapter\jsb-engine.js -> C:\Users\Maxi\Downloads\TP4\build\jsb-link\frameworks\runtime-src\proj.win32\Release.win32\jsb-adapter\jsb-engine.js
  2 archivo(s) copiado(s)
          1 archivo(s) copiado(s).
          1 archivo(s) copiado(s).
